[2020-12-07 01:45:32,500]DEBUG:mobileperf:startup:RuntimeData.top_dir:D:\测试开发\mobileperf
[2020-12-07 01:45:32,502]DEBUG:mobileperf:startup:configpath:D:\测试开发\mobileperf\config.conf
[2020-12-07 01:45:32,504]DEBUG:mobileperf:startup:{'package': ['com.taobao.taobao'], 'pid_change_focus_package': '', 'frequency': 5, 'dumpheap_freq': 3600, 'timeout': 259200, 'serialnum': '9e15838', 'mailbox': '390125133@qq.com', 'exceptionlog': ['fatal exception', 'has died'], 'save_path': '', 'phone_log_path': ['/data/anr'], 'monkey': '', 'main_activity': '', 'activity_list': ''}
[2020-12-07 01:45:32,611]DEBUG:mobileperf:androiddevice:b'List of devices attached\r\n2G1949B2BE343B30\tdevice\r\n\r\n'
[2020-12-07 01:45:32,611]DEBUG:mobileperf:androiddevice:system have adb
[2020-12-07 01:45:32,614]DEBUG:mobileperf:androiddevice:adb -s 9e15838 shell ls -l /data/local/tmp
[2020-12-07 01:45:32,716]DEBUG:mobileperf:androiddevice:adb error info:
b"adb.exe: device '9e15838' not found\r\n"
[2020-12-07 01:45:32,717]INFO:mobileperf:androiddevice:adb -s 9e15838 shell ls -l /data/local/tmp time consume: 0.08200359344482422
[2020-12-07 01:45:32,818]DEBUG:mobileperf:androiddevice:adb devices:
[2020-12-07 01:45:32,819]DEBUG:mobileperf:androiddevice:['List of devices attached', '2G1949B2BE343B30\tdevice', '']
[2020-12-07 01:45:32,820]ERROR:mobileperf:startup:device not found:9e15838
[2020-12-07 01:45:34,916]DEBUG:mobileperf:androiddevice:adb devices:
[2020-12-07 01:45:35,194]DEBUG:mobileperf:androiddevice:['List of devices attached', '2G1949B2BE343B30\tdevice', '']
[2020-12-07 01:45:35,195]ERROR:mobileperf:startup:device not found:9e15838
[2020-12-07 01:45:37,292]DEBUG:mobileperf:androiddevice:adb devices:
[2020-12-07 01:45:37,292]DEBUG:mobileperf:androiddevice:['List of devices attached', '2G1949B2BE343B30\tdevice', '']
[2020-12-07 01:45:37,293]ERROR:mobileperf:startup:device not found:9e15838
[2020-12-07 01:45:39,395]DEBUG:mobileperf:androiddevice:adb devices:
[2020-12-07 01:45:39,395]DEBUG:mobileperf:androiddevice:['List of devices attached', '2G1949B2BE343B30\tdevice', '']
[2020-12-07 01:45:39,395]ERROR:mobileperf:startup:device not found:9e15838
[2020-12-07 01:45:41,493]DEBUG:mobileperf:androiddevice:adb devices:
[2020-12-07 01:45:41,494]DEBUG:mobileperf:androiddevice:['List of devices attached', '2G1949B2BE343B30\tdevice', '']
[2020-12-07 01:45:41,495]ERROR:mobileperf:startup:device not found:9e15838
[2020-12-07 01:45:43,495]ERROR:mobileperf:startup:after 5 times check,device not found:9e15838
